  [1m[35mSQL (0.3ms)[0m  [1m[35mSET search_path TO public[0m
  [1m[35m (268.4ms)[0m  [1m[35mCREATE DATABASE "finance_tracker_development" ENCODING = 'unicode'[0m
  [1m[35mSQL (0.0ms)[0m  [1m[35mSET search_path TO public[0m
  [1m[35m (59.9ms)[0m  [1m[35mCREATE DATABASE "finance_tracker_test" ENCODING = 'unicode'[0m
  [1m[35m (4.1ms)[0m  [1m[35mCREATE TABLE "schema_migrations" ("version" character varying NOT NULL PRIMARY KEY)[0m
  [1m[35m (0.9ms)[0m  [1m[35mCREATE TABLE "ar_internal_metadata" ("key" character varying NOT NULL PRIMARY KEY, "value" character varying, "created_at" timestamp(6) NOT NULL, "updated_at" timestamp(6) NOT NULL)[0m
  [1m[35m (0.1ms)[0m  [1m[34mSELECT pg_try_advisory_lock(4978512331109723490)[0m
  [1m[36mActiveRecord::SchemaMigration Load (1.0ms)[0m  [1m[34mSELECT "schema_migrations"."version" FROM "schema_migrations" ORDER BY "schema_migrations"."version" ASC[0m
  [1m[36mActiveRecord::InternalMetadata Load (0.7ms)[0m  [1m[34mSELECT * FROM "ar_internal_metadata" WHERE "ar_internal_metadata"."key" = $1 ORDER BY "ar_internal_metadata"."key" ASC LIMIT 1[0m  [[nil, "environment"]]
  [1m[36mActiveRecord::InternalMetadata Create (0.5ms)[0m  [1m[32mINSERT INTO "ar_internal_metadata" ("key", "value", "created_at", "updated_at") VALUES ('environment', 'development', '2026-01-02 07:44:28.749765', '2026-01-02 07:44:28.749767') RETURNING "key"[0m
Migrating to CreateUsers (20250101000001)
  [1m[36mTRANSACTION (0.1ms)[0m  [1m[35mBEGIN[0m
  [1m[35m (4.3ms)[0m  [1m[35mCREATE TABLE "users" ("id" bigserial primary key, "email" character varying NOT NULL, "password_digest" character varying NOT NULL, "created_at" timestamp(6) NOT NULL, "updated_at" timestamp(6) NOT NULL)[0m
  [1m[35m (0.9ms)[0m  [1m[35mCREATE UNIQUE INDEX "index_users_on_email" ON "users" ("email")[0m
  [1m[36mActiveRecord::SchemaMigration Create (0.2ms)[0m  [1m[32mINSERT INTO "schema_migrations" ("version") VALUES ('20250101000001') RETURNING "version"[0m
  [1m[36mTRANSACTION (0.2ms)[0m  [1m[35mCOMMIT[0m
Migrating to CreateTransactions (20250101000002)
  [1m[36mTRANSACTION (0.3ms)[0m  [1m[35mBEGIN[0m
  [1m[35m (4.6ms)[0m  [1m[35mCREATE TABLE "transactions" ("id" bigserial primary key, "user_id" bigint NOT NULL, "transaction_type" character varying NOT NULL, "amount" decimal(10,2) NOT NULL, "date" date NOT NULL, "description" character varying, "category" character varying, "created_at" timestamp(6) NOT NULL, "updated_at" timestamp(6) NOT NULL, CONSTRAINT "fk_rails_77364e6416"
FOREIGN KEY ("user_id")
  REFERENCES "users" ("id")
)[0m
  [1m[35m (0.6ms)[0m  [1m[35mCREATE INDEX "index_transactions_on_user_id" ON "transactions" ("user_id")[0m
  [1m[35m (0.5ms)[0m  [1m[35mCREATE INDEX "index_transactions_on_user_id_and_date" ON "transactions" ("user_id", "date")[0m
  [1m[35m (0.5ms)[0m  [1m[35mCREATE INDEX "index_transactions_on_user_id_and_transaction_type" ON "transactions" ("user_id", "transaction_type")[0m
  [1m[36mActiveRecord::SchemaMigration Create (0.9ms)[0m  [1m[32mINSERT INTO "schema_migrations" ("version") VALUES ('20250101000002') RETURNING "version"[0m
  [1m[36mTRANSACTION (0.2ms)[0m  [1m[35mCOMMIT[0m
Migrating to CreateRecurringPayments (20250101000003)
  [1m[36mTRANSACTION (0.3ms)[0m  [1m[35mBEGIN[0m
  [1m[35m (2.6ms)[0m  [1m[35mCREATE TABLE "recurring_payments" ("id" bigserial primary key, "user_id" bigint NOT NULL, "name" character varying NOT NULL, "transaction_type" character varying NOT NULL, "amount" decimal(10,2) NOT NULL, "day_of_month" integer NOT NULL, "next_run_on" date NOT NULL, "active" boolean DEFAULT TRUE NOT NULL, "created_at" timestamp(6) NOT NULL, "updated_at" timestamp(6) NOT NULL, CONSTRAINT "fk_rails_21b9baf9b7"
FOREIGN KEY ("user_id")
  REFERENCES "users" ("id")
)[0m
  [1m[35m (0.5ms)[0m  [1m[35mCREATE INDEX "index_recurring_payments_on_user_id" ON "recurring_payments" ("user_id")[0m
  [1m[35m (0.7ms)[0m  [1m[35mCREATE INDEX "index_recurring_payments_on_user_id_and_active" ON "recurring_payments" ("user_id", "active")[0m
  [1m[35m (0.7ms)[0m  [1m[35mCREATE INDEX "index_recurring_payments_on_next_run_on" ON "recurring_payments" ("next_run_on")[0m
  [1m[36mActiveRecord::SchemaMigration Create (0.1ms)[0m  [1m[32mINSERT INTO "schema_migrations" ("version") VALUES ('20250101000003') RETURNING "version"[0m
  [1m[36mTRANSACTION (0.5ms)[0m  [1m[35mCOMMIT[0m
  [1m[35m (0.3ms)[0m  [1m[34mSELECT pg_advisory_unlock(4978512331109723490)[0m
  [1m[36mActiveRecord::SchemaMigration Load (0.1ms)[0m  [1m[34mSELECT "schema_migrations"."version" FROM "schema_migrations" ORDER BY "schema_migrations"."version" ASC[0m
  [1m[36mActiveRecord::SchemaMigration Load (0.8ms)[0m  [1m[34mSELECT "schema_migrations"."version" FROM "schema_migrations" ORDER BY "schema_migrations"."version" ASC[0m
Started GET "/" for ::1 at 2026-01-02 02:48:09 -0500
  [1m[36mActiveRecord::SchemaMigration Load (0.7ms)[0m  [1m[34mSELECT "schema_migrations"."version" FROM "schema_migrations" ORDER BY "schema_migrations"."version" ASC[0m
Processing by DashboardController#index as HTML
Redirected to http://[::1]:3000/login
Filter chain halted as :require_login rendered or redirected
Completed 302 Found in 29ms (ActiveRecord: 0.0ms (0 queries, 0 cached) | GC: 0.0ms)


Started GET "/login" for ::1 at 2026-01-02 02:48:09 -0500
  
ArgumentError (Before process_action callback :require_login has not been defined):
  
app/controllers/sessions_controller.rb:2:in `<class:SessionsController>'
app/controllers/sessions_controller.rb:1:in `<top (required)>'
Started GET "/favicon.ico" for ::1 at 2026-01-02 02:48:10 -0500
  
ActionController::RoutingError (No route matches [GET] "/favicon.ico"):
  
Started GET "/login" for ::1 at 2026-01-02 02:49:58 -0500
Processing by SessionsController#new as HTML
  Rendering layout layouts/application.html.erb
  Rendering sessions/new.html.erb within layouts/application
  Rendered sessions/new.html.erb within layouts/application (Duration: 2.9ms | GC: 0.1ms)
  Rendered layout layouts/application.html.erb (Duration: 7.4ms | GC: 0.9ms)
Completed 200 OK in 23ms (Views: 8.3ms | ActiveRecord: 0.0ms (0 queries, 0 cached) | GC: 0.9ms)


Started GET "/icon.svg" for ::1 at 2026-01-02 02:49:58 -0500
  
ActionController::RoutingError (No route matches [GET] "/icon.svg"):
  
Started GET "/icon.png" for ::1 at 2026-01-02 02:49:58 -0500
  
ActionController::RoutingError (No route matches [GET] "/icon.png"):
  
Started GET "/login" for ::1 at 2026-01-02 02:49:59 -0500
Processing by SessionsController#new as HTML
  Rendering layout layouts/application.html.erb
  Rendering sessions/new.html.erb within layouts/application
  Rendered sessions/new.html.erb within layouts/application (Duration: 0.5ms | GC: 0.0ms)
  Rendered layout layouts/application.html.erb (Duration: 0.8ms | GC: 0.0ms)
Completed 200 OK in 14ms (Views: 1.1ms | ActiveRecord: 0.0ms (0 queries, 0 cached) | GC: 0.3ms)


Started GET "/users/new" for ::1 at 2026-01-02 02:50:02 -0500
Processing by UsersController#new as HTML
Completed 500 Internal Server Error in 13ms (ActiveRecord: 0.0ms (0 queries, 0 cached) | GC: 0.0ms)


  
NameError (uninitialized constant ApplicationRecord):
  
app/models/user.rb:1:in `<top (required)>'
app/controllers/users_controller.rb:5:in `new'
Started GET "/users/new" for ::1 at 2026-01-02 02:54:51 -0500
Processing by UsersController#new as HTML
  Rendering layout layouts/application.html.erb
  Rendering users/new.html.erb within layouts/application
  Rendered users/new.html.erb within layouts/application (Duration: 3.3ms | GC: 2.2ms)
  Rendered layout layouts/application.html.erb (Duration: 3.9ms | GC: 2.2ms)
Completed 200 OK in 102ms (Views: 4.7ms | ActiveRecord: 8.6ms (0 queries, 0 cached) | GC: 3.1ms)


Started POST "/users" for ::1 at 2026-01-02 02:54:56 -0500
Processing by UsersController#create as HTML
  Parameters: {"authenticity_token"=>"fFBXdpIxRHuRIMGfhnTAKKdN3qP8lhZH1yqYJQsf_hA6hIH1Z8sKYjywqF757C1KoBNmXkmvtBv9cq1g5iWvyA", "user"=>{"email"=>"faizmustansar10@gmail.com", "password"=>"l", "password_confirmation"=>"l"}, "commit"=>"Sign up"}
  [1m[36mTRANSACTION (0.1ms)[0m  [1m[35mBEGIN[0m
  ↳ app/controllers/users_controller.rb:12:in `create'
  [1m[36mUser Exists? (6.1ms)[0m  [1m[34mSELECT 1 AS one FROM "users" WHERE LOWER("users"."email") = LOWER($1) LIMIT $2[0m  [["email", "faizmustansar10@gmail.com"], ["LIMIT", 1]]
  ↳ app/controllers/users_controller.rb:12:in `create'
  [1m[36mTRANSACTION (0.3ms)[0m  [1m[31mROLLBACK[0m
  ↳ app/controllers/users_controller.rb:12:in `create'
  Rendering layout layouts/application.html.erb
  Rendering users/new.html.erb within layouts/application
  Rendered users/new.html.erb within layouts/application (Duration: 0.7ms | GC: 0.0ms)
  Rendered layout layouts/application.html.erb (Duration: 0.9ms | GC: 0.0ms)
Completed 422 Unprocessable Content in 227ms (Views: 1.1ms | ActiveRecord: 10.2ms (1 query, 0 cached) | GC: 0.1ms)


Started POST "/users" for ::1 at 2026-01-02 03:00:30 -0500
Processing by UsersController#create as HTML
  Parameters: {"authenticity_token"=>"fFBXdpIxRHuRIMGfhnTAKKdN3qP8lhZH1yqYJQsf_hA6hIH1Z8sKYjywqF757C1KoBNmXkmvtBv9cq1g5iWvyA", "user"=>{"email"=>"faizmustansar10@gmail.com", "password"=>"l", "password_confirmation"=>"l"}, "commit"=>"Sign up"}
  [1m[36mTRANSACTION (0.0ms)[0m  [1m[35mBEGIN[0m
  ↳ app/controllers/users_controller.rb:12:in `create'
  [1m[36mUser Exists? (2.1ms)[0m  [1m[34mSELECT 1 AS one FROM "users" WHERE LOWER("users"."email") = LOWER($1) LIMIT $2[0m  [["email", "faizmustansar10@gmail.com"], ["LIMIT", 1]]
  ↳ app/controllers/users_controller.rb:12:in `create'
  [1m[36mTRANSACTION (0.0ms)[0m  [1m[31mROLLBACK[0m
  ↳ app/controllers/users_controller.rb:12:in `create'
  Rendering layout layouts/application.html.erb
  Rendering users/new.html.erb within layouts/application
  Rendered users/new.html.erb within layouts/application (Duration: 2.5ms | GC: 1.8ms)
  Rendered layout layouts/application.html.erb (Duration: 3.4ms | GC: 2.4ms)
Completed 422 Unprocessable Content in 253ms (Views: 4.0ms | ActiveRecord: 5.8ms (1 query, 0 cached) | GC: 11.3ms)


Started POST "/users" for ::1 at 2026-01-02 03:03:18 -0500
Processing by UsersController#create as HTML
  Parameters: {"authenticity_token"=>"CKwOzpwijCERGc09BFdZBsCWK-fBUcO11noVPImd8bVOeNhNadjCOLyJpPx7z7Rkx8iTGnRoYen8IiB5ZKegbQ", "user"=>{"email"=>"faizmustansar10@gmail.com", "password"=>"SoccerFan-10", "password_confirmation"=>"SoccerFan-10"}, "commit"=>"Sign up"}
  [1m[36mTRANSACTION (0.1ms)[0m  [1m[35mBEGIN[0m
  ↳ app/controllers/users_controller.rb:12:in `create'
  [1m[36mUser Exists? (0.6ms)[0m  [1m[34mSELECT 1 AS one FROM "users" WHERE LOWER("users"."email") = LOWER($1) LIMIT $2[0m  [["email", "faizmustansar10@gmail.com"], ["LIMIT", 1]]
  ↳ app/controllers/users_controller.rb:12:in `create'
  [1m[36mUser Create (1.1ms)[0m  [1m[32mINSERT INTO "users" ("email", "password_digest", "created_at", "updated_at") VALUES ($1, $2, $3, $4) RETURNING "id"[0m  [["email", "faizmustansar10@gmail.com"], ["password_digest", "$2a$12$eZlyZvFp0kHSby3MeydgGed.o5P2TEmDNYF2sJM6g/.NDyafTmQYq"], ["created_at", "2026-01-02 08:03:19.209628"], ["updated_at", "2026-01-02 08:03:19.209628"]]
  ↳ app/controllers/users_controller.rb:12:in `create'
  [1m[36mTRANSACTION (0.3ms)[0m  [1m[35mCOMMIT[0m
  ↳ app/controllers/users_controller.rb:12:in `create'
Redirected to http://[::1]:3000/dashboard
Completed 302 Found in 210ms (ActiveRecord: 8.0ms (2 queries, 0 cached) | GC: 0.0ms)


Started GET "/dashboard" for ::1 at 2026-01-02 03:03:19 -0500
Processing by DashboardController#index as HTML
  [1m[36mUser Load (0.4ms)[0m  [1m[34mSELECT "users".* FROM "users" WHERE "users"."id" = $1 LIMIT $2[0m  [["id", 1], ["LIMIT", 1]]
  ↳ app/controllers/application_controller.rb:12:in `current_user'
Completed 500 Internal Server Error in 18ms (ActiveRecord: 0.4ms (1 query, 0 cached) | GC: 0.0ms)


  
ArgumentError (wrong number of arguments (given 0, expected 1..2)):
  
app/models/transaction.rb:4:in `<class:Transaction>'
app/models/transaction.rb:1:in `<top (required)>'
app/controllers/dashboard_controller.rb:6:in `index'
Started GET "/dashboard" for ::1 at 2026-01-02 03:03:49 -0500
Processing by DashboardController#index as HTML
  [1m[36mUser Load (0.1ms)[0m  [1m[34mSELECT "users".* FROM "users" WHERE "users"."id" = $1 LIMIT $2[0m  [["id", 1], ["LIMIT", 1]]
  ↳ app/controllers/application_controller.rb:12:in `current_user'
  [1m[36mTransaction Sum (2.5ms)[0m  [1m[34mSELECT SUM("transactions"."amount") FROM "transactions" WHERE "transactions"."user_id" = $1 AND "transactions"."date" BETWEEN $2 AND $3 AND "transactions"."transaction_type" = $4[0m  [["user_id", 1], ["date", "2026-01-01"], ["date", "2026-01-31"], ["transaction_type", "income"]]
  ↳ app/controllers/dashboard_controller.rb:6:in `index'
  [1m[36mTransaction Sum (0.2ms)[0m  [1m[34mSELECT SUM("transactions"."amount") FROM "transactions" WHERE "transactions"."user_id" = $1 AND "transactions"."date" BETWEEN $2 AND $3 AND "transactions"."transaction_type" = $4[0m  [["user_id", 1], ["date", "2026-01-01"], ["date", "2026-01-31"], ["transaction_type", "expense"]]
  ↳ app/controllers/dashboard_controller.rb:7:in `index'
Completed 500 Internal Server Error in 33ms (ActiveRecord: 9.7ms (3 queries, 0 cached) | GC: 3.6ms)


  
ArgumentError (wrong number of arguments (given 0, expected 1..2)):
  
app/models/recurring_payment.rb:4:in `<class:RecurringPayment>'
app/models/recurring_payment.rb:1:in `<top (required)>'
app/controllers/dashboard_controller.rb:11:in `index'
Started GET "/dashboard" for ::1 at 2026-01-02 03:09:25 -0500
Processing by DashboardController#index as HTML
  [1m[36mUser Load (0.3ms)[0m  [1m[34mSELECT "users".* FROM "users" WHERE "users"."id" = $1 LIMIT $2[0m  [["id", 1], ["LIMIT", 1]]
  ↳ app/controllers/application_controller.rb:12:in `current_user'
  [1m[36mTransaction Sum (0.4ms)[0m  [1m[34mSELECT SUM("transactions"."amount") FROM "transactions" WHERE "transactions"."user_id" = $1 AND "transactions"."date" BETWEEN $2 AND $3 AND "transactions"."transaction_type" = $4[0m  [["user_id", 1], ["date", "2026-01-01"], ["date", "2026-01-31"], ["transaction_type", "income"]]
  ↳ app/controllers/dashboard_controller.rb:6:in `index'
  [1m[36mTransaction Sum (0.0ms)[0m  [1m[34mSELECT SUM("transactions"."amount") FROM "transactions" WHERE "transactions"."user_id" = $1 AND "transactions"."date" BETWEEN $2 AND $3 AND "transactions"."transaction_type" = $4[0m  [["user_id", 1], ["date", "2026-01-01"], ["date", "2026-01-31"], ["transaction_type", "expense"]]
  ↳ app/controllers/dashboard_controller.rb:7:in `index'
  Rendering layout layouts/application.html.erb
  Rendering dashboard/index.html.erb within layouts/application
  [1m[36mRecurringPayment Exists? (2.0ms)[0m  [1m[34mSELECT 1 AS one FROM "recurring_payments" WHERE "recurring_payments"."user_id" = $1 AND "recurring_payments"."active" = $2 AND (next_run_on > $3) LIMIT $4[0m  [["user_id", 1], ["active", true], [nil, "2026-01-02"], ["LIMIT", 1]]
  ↳ app/views/dashboard/index.html.erb:47
  [1m[36mTransaction Exists? (0.1ms)[0m  [1m[34mSELECT 1 AS one FROM "transactions" WHERE "transactions"."user_id" = $1 LIMIT $2[0m  [["user_id", 1], ["LIMIT", 1]]
  ↳ app/views/dashboard/index.html.erb:85
  Rendered dashboard/index.html.erb within layouts/application (Duration: 16.0ms | GC: 0.0ms)
  Rendered layout layouts/application.html.erb (Duration: 16.8ms | GC: 0.0ms)
Completed 200 OK in 72ms (Views: 15.3ms | ActiveRecord: 7.7ms (5 queries, 0 cached) | GC: 0.0ms)


Started GET "/recurring_payments/new" for ::1 at 2026-01-02 03:09:38 -0500
Processing by RecurringPaymentsController#new as HTML
  [1m[36mUser Load (0.3ms)[0m  [1m[34mSELECT "users".* FROM "users" WHERE "users"."id" = $1 LIMIT $2[0m  [["id", 1], ["LIMIT", 1]]
  ↳ app/controllers/application_controller.rb:12:in `current_user'
  Rendering layout layouts/application.html.erb
  Rendering recurring_payments/new.html.erb within layouts/application
  Rendered recurring_payments/new.html.erb within layouts/application (Duration: 3.5ms | GC: 0.0ms)
  Rendered layout layouts/application.html.erb (Duration: 3.9ms | GC: 0.0ms)
Completed 200 OK in 26ms (Views: 4.2ms | ActiveRecord: 0.3ms (1 query, 0 cached) | GC: 0.0ms)


Started POST "/recurring_payments" for ::1 at 2026-01-02 03:09:54 -0500
Processing by RecurringPaymentsController#create as HTML
  Parameters: {"authenticity_token"=>"0b6Eb1ucFQyMQIb5qlqV2f-fz82n0J9iPcHw2lrcYia12477wOD44JzV_b-1G0jgj06zKU5uRmDCFPou9KLjBw", "recurring_payment"=>{"name"=>"apple macbook", "transaction_type"=>"expense", "amount"=>"66", "day_of_month"=>"1", "next_run_on"=>"2026-01-02", "active"=>"1"}, "commit"=>"Create Recurring Payment"}
  [1m[36mUser Load (0.3ms)[0m  [1m[34mSELECT "users".* FROM "users" WHERE "users"."id" = $1 LIMIT $2[0m  [["id", 1], ["LIMIT", 1]]
  ↳ app/controllers/application_controller.rb:12:in `current_user'
  [1m[36mTRANSACTION (0.1ms)[0m  [1m[35mBEGIN[0m
  ↳ app/controllers/recurring_payments_controller.rb:18:in `create'
  [1m[36mRecurringPayment Create (11.9ms)[0m  [1m[32mINSERT INTO "recurring_payments" ("user_id", "name", "transaction_type", "amount", "day_of_month", "next_run_on", "active", "created_at", "updated_at") VALUES ($1, $2, $3, $4, $5, $6, $7, $8, $9) RETURNING "id"[0m  [["user_id", 1], ["name", "apple macbook"], ["transaction_type", "expense"], ["amount", "66.0"], ["day_of_month", 1], ["next_run_on", "2026-01-02"], ["active", true], ["created_at", "2026-01-02 08:09:54.722229"], ["updated_at", "2026-01-02 08:09:54.722229"]]
  ↳ app/controllers/recurring_payments_controller.rb:18:in `create'
  [1m[36mTRANSACTION (0.2ms)[0m  [1m[35mCOMMIT[0m
  ↳ app/controllers/recurring_payments_controller.rb:18:in `create'
Redirected to http://[::1]:3000/recurring_payments/1
Completed 302 Found in 31ms (ActiveRecord: 12.4ms (2 queries, 0 cached) | GC: 2.7ms)


Started GET "/recurring_payments/1" for ::1 at 2026-01-02 03:09:54 -0500
Processing by RecurringPaymentsController#show as HTML
  Parameters: {"id"=>"1"}
  [1m[36mUser Load (0.2ms)[0m  [1m[34mSELECT "users".* FROM "users" WHERE "users"."id" = $1 LIMIT $2[0m  [["id", 1], ["LIMIT", 1]]
  ↳ app/controllers/application_controller.rb:12:in `current_user'
  [1m[36mRecurringPayment Load (0.3ms)[0m  [1m[34mSELECT "recurring_payments".* FROM "recurring_payments" WHERE "recurring_payments"."user_id" = $1 AND "recurring_payments"."id" = $2 LIMIT $3[0m  [["user_id", 1], ["id", 1], ["LIMIT", 1]]
  ↳ app/controllers/recurring_payments_controller.rb:49:in `set_recurring_payment'
  Rendering layout layouts/application.html.erb
  Rendering recurring_payments/show.html.erb within layouts/application
  Rendered recurring_payments/show.html.erb within layouts/application (Duration: 0.5ms | GC: 0.0ms)
  Rendered layout layouts/application.html.erb (Duration: 0.7ms | GC: 0.0ms)
Completed 200 OK in 15ms (Views: 0.9ms | ActiveRecord: 0.4ms (2 queries, 0 cached) | GC: 0.5ms)


